#
# A fatal error has been detected by the Java Runtime Environment:
#
#  SIGSEGV (0xb) at pc=0x000000010d8adde8, pid=669, tid=18691
#
# JRE version: Java(TM) SE Runtime Environment (7.0_45-b18) (build 1.7.0_45-b18)
# Java VM: Java HotSpot(TM) 64-Bit Server VM (24.45-b08 mixed mode bsd-amd64 compressed oops)
# Problematic frame:
# V  [libjvm.dylib+0x2adde8]
#
# Failed to write core dump. Core dumps have been disabled. To enable core dumping, try "ulimit -c unlimited" before starting Java again
#
# If you would like to submit a bug report, please visit:
#   http://bugreport.sun.com/bugreport/crash.jsp
#

---------------  T H R E A D  ---------------

Current thread (0x00007fa2ba01d000):  JavaThread "JDWP Transport Listener: dt_socket" daemon [_thread_in_vm, id=18691, stack(0x000000019cf5b000,0x000000019d05b000)]

siginfo:si_signo=SIGSEGV: si_errno=0, si_code=1 (SEGV_MAPERR), si_addr=0x000000000000000c

Registers:
RAX=0x0000000000000000, RBX=0x000000016bbbeb30, RCX=0x000000000000000c, RDX=0x0000000000000000
RSP=0x000000019d05aa10, RBP=0x000000019d05aa10, RSI=0x00007fa2b9c1b420, RDI=0x000000016bbbeb30
R8 =0x2300000000000000, R9 =0x00007fa2b9c00000, R10=0x00000000ebf1ea65, R11=0xffff805ee343cfa0
R12=0x00007fa2ba01d000, R13=0x00007fa2b9c1d7f0, R14=0x0000000000000000, R15=0x0000000000000000
RIP=0x000000010d8adde8, EFLAGS=0x0000000000010202, ERR=0x0000000000000004
  TRAPNO=0x000000000000000e

Top of Stack: (sp=0x000000019d05aa10)
0x000000019d05aa10:   000000019d05aa40 000000010d8dd59a
0x000000019d05aa20:   0000000000000000 0000000000000000
0x000000019d05aa30:   000000016bbbeb30 00007fa2ba01d1e8
0x000000019d05aa40:   000000019d05aab0 000000010d904e48
0x000000019d05aa50:   00007fa2ba01d000 00007fa2ba01d000
0x000000019d05aa60:   0000000000000000 0000000000000000
0x000000019d05aa70:   00007fa2ba01d1e8 00007fa2ba01d000
0x000000019d05aa80:   00007fa2ba01d000 000000019d05ab08
0x000000019d05aa90:   00007fa2b9c1b420 00007fa2b9c1d7f0
0x000000019d05aaa0:   000000019d05ac90 00007fa2ba01d1e8
0x000000019d05aab0:   000000019d05aae0 000000010e15d52e
0x000000019d05aac0:   000000019d05ac90 000000010e17ddc0
0x000000019d05aad0:   000000019d05ab08 000000010e189578
0x000000019d05aae0:   000000019d05ad00 000000010e1646b2
0x000000019d05aaf0:   000004a700000013 0000000000010a00
0x000000019d05ab00:   00007fa2b9c1dad0 000000019d05ab58
0x000000019d05ab10:   00007fa20000012c 000000019d05ab20
0x000000019d05ab20:   00007fa200000000 000000019d05ab58
0x000000019d05ab30:   0000000000000000 00007f0000000000
0x000000019d05ab40:   000004a700000013 00007fff00006e80
0x000000019d05ab50:   000000019d05ab58 6e69616d04000000
0x000000019d05ab60:   4200000000000000 000000000a000000
0x000000019d05ab70:   c000000000000000 0400000000000000
0x000000019d05ab80:   00000000090c0000 c100000009000000
0x000000019d05ab90:   0d00000000000000 00000000c2000000
0x000000019d05aba0:   c400000016000000 1a00000000000000
0x000000019d05abb0:   00000000c5000000 c800000023000000
0x000000019d05abc0:   2b00000000000000 00000000c9000000
0x000000019d05abd0:   cb00000036000000 4200000000000000
0x000000019d05abe0:   0000003ecc000000 56294949435b2807
0x000000019d05abf0:   0100000000000000 3875f1b9a27f0000
0x000000019d05ac00:   696e693c06000000 5b28070000003e74 

Instructions: (pc=0x000000010d8adde8)
0x000000010d8addc8:   eb 16 48 8d 35 ef 27 4c 00 8a 4e 08 48 d3 e2 48
0x000000010d8addd8:   03 16 eb 04 48 8b 14 0f 84 c0 0f 94 c0 0f b6 c0
0x000000010d8adde8:   8b 44 82 0c 5d c3 8b 04 07 5d c3 90 55 48 89 e5
0x000000010d8addf8:   f6 87 8d 00 00 00 02 75 04 31 ff eb 23 48 63 87 

Register to memory mapping:

RAX=0x0000000000000000 is an unknown value
RBX=0x000000016bbbeb30 is an oop
java.lang.String 
 - klass: 'java/lang/String'
RCX=0x000000000000000c is an unknown value
RDX=0x0000000000000000 is an unknown value
RSP=0x000000019d05aa10 is pointing into the stack for thread: 0x00007fa2ba01d000
RBP=0x000000019d05aa10 is pointing into the stack for thread: 0x00007fa2ba01d000
RSI=0x00007fa2b9c1b420 is a global jni handle
RDI=0x000000016bbbeb30 is an oop
java.lang.String 
 - klass: 'java/lang/String'
R8 =0x2300000000000000 is an unknown value
R9 =0x00007fa2b9c00000 is an unknown value
R10=0x00000000ebf1ea65 is an unknown value
R11=0xffff805ee343cfa0 is an unknown value
R12=0x00007fa2ba01d000 is a thread
R13=0x00007fa2b9c1d7f0 is an unknown value
R14=0x0000000000000000 is an unknown value
R15=0x0000000000000000 is an unknown value


Stack: [0x000000019cf5b000,0x000000019d05b000],  sp=0x000000019d05aa10,  free space=1022k
Native frames: (J=compiled Java code, j=interpreted, Vv=VM code, C=native code)
V  [libjvm.dylib+0x2adde8]
V  [libjvm.dylib+0x2dd59a]
V  [libjvm.dylib+0x304e48]
C  [libjdwp.dylib+0x752e]  value+0x96
C  [libjdwp.dylib+0xe6b2]  debugLoop_run+0x1ce
C  [libjdwp.dylib+0x1f132]  attachThread+0x4d
V  [libjvm.dylib+0x37417e]
V  [libjvm.dylib+0x4efb47]
V  [libjvm.dylib+0x4f124f]
V  [libjvm.dylib+0x41b1c6]
C  [libsystem_pthread.dylib+0x1899]  _pthread_body+0x8a
C  [libsystem_pthread.dylib+0x172a]  _pthread_struct_init+0x0
C  [libsystem_pthread.dylib+0x5fc9]  thread_start+0xd


---------------  P R O C E S S  ---------------

Java Threads: ( => current thread )
  0x00007fa2ba809000 JavaThread "Service Thread" daemon [_thread_blocked, id=21251, stack(0x000000019d46a000,0x000000019d56a000)]
  0x00007fa2ba807800 JavaThread "C2 CompilerThread1" daemon [_thread_blocked, id=20739, stack(0x000000019d367000,0x000000019d467000)]
  0x00007fa2ba808800 JavaThread "C2 CompilerThread0" daemon [_thread_blocked, id=20227, stack(0x000000019d264000,0x000000019d364000)]
  0x00007fa2bb859000 JavaThread "JDWP Command Reader" daemon [_thread_in_native, id=19715, stack(0x000000019d161000,0x000000019d261000)]
  0x00007fa2ba01e000 JavaThread "JDWP Event Helper Thread" daemon [_thread_blocked, id=19203, stack(0x000000019d05e000,0x000000019d15e000)]
=>0x00007fa2ba01d000 JavaThread "JDWP Transport Listener: dt_socket" daemon [_thread_in_vm, id=18691, stack(0x000000019cf5b000,0x000000019d05b000)]
  0x00007fa2bb842000 JavaThread "Signal Dispatcher" daemon [_thread_blocked, id=18179, stack(0x000000019ce52000,0x000000019cf52000)]
  0x00007fa2bb83d800 JavaThread "Finalizer" daemon [_thread_blocked, id=13059, stack(0x000000019cb80000,0x000000019cc80000)]
  0x00007fa2bb83a800 JavaThread "Reference Handler" daemon [_thread_blocked, id=12547, stack(0x000000019ca7d000,0x000000019cb7d000)]
  0x00007fa2bb000000 JavaThread "main" [_thread_blocked, id=6915, stack(0x000000010e054000,0x000000010e154000)]

Other Threads:
  0x00007fa2bb83a000 VMThread [stack: 0x000000019c97a000,0x000000019ca7a000] [id=12035]
  0x00007fa2ba81a000 WatcherThread [stack: 0x000000019d56d000,0x000000019d66d000] [id=21763]

VM state:not at safepoint (normal execution)

VM Mutex/Monitor currently owned by a thread: None

Heap
 PSYoungGen      total 38912K, used 2027K [0x000000016ba00000, 0x000000016e500000, 0x0000000196500000)
  eden space 33792K, 6% used [0x000000016ba00000,0x000000016bbfaec8,0x000000016db00000)
  from space 5120K, 0% used [0x000000016e000000,0x000000016e000000,0x000000016e500000)
  to   space 5120K, 0% used [0x000000016db00000,0x000000016db00000,0x000000016e000000)
 ParOldGen       total 87040K, used 0K [0x0000000116500000, 0x000000011ba00000, 0x000000016ba00000)
  object space 87040K, 0% used [0x0000000116500000,0x0000000116500000,0x000000011ba00000)
 PSPermGen       total 21504K, used 3303K [0x0000000111300000, 0x0000000112800000, 0x0000000116500000)
  object space 21504K, 15% used [0x0000000111300000,0x0000000111639e18,0x0000000112800000)

Card table byte_map: [0x0000000196500000,0x000000019692a000] byte_map_base: 0x0000000195c76800

Polling page: 0x000000010cde9000

Code Cache  [0x000000010e193000, 0x000000010e403000, 0x0000000111193000)
 total_blobs=192 nmethods=4 adapters=151 free_code_cache=48758Kb largest_free_block=49913024

Compilation events (8 events):
Event: 0.139 Thread 0x00007fa2ba808800    1             java.lang.String::hashCode (55 bytes)
Event: 0.142 Thread 0x00007fa2ba807800    2             java.lang.String::indexOf (70 bytes)
Event: 0.145 Thread 0x00007fa2ba807800 nmethod 2 0x000000010e1f7710 code [0x000000010e1f7860, 0x000000010e1f7a48]
Event: 0.146 Thread 0x00007fa2ba808800 nmethod 1 0x000000010e1f3e90 code [0x000000010e1f3fe0, 0x000000010e1f4198]
Event: 11.948 Thread 0x00007fa2ba807800    3             sun.nio.cs.UTF_8$Encoder::encode (361 bytes)
Event: 11.959 Thread 0x00007fa2ba807800 nmethod 3 0x000000010e1f4550 code [0x000000010e1f4700, 0x000000010e1f4ff8]
Event: 16.360 Thread 0x00007fa2ba808800    4             java.lang.String::charAt (29 bytes)
Event: 16.361 Thread 0x00007fa2ba808800 nmethod 4 0x000000010e1f5cd0 code [0x000000010e1f5e20, 0x000000010e1f5f18]

GC Heap History (0 events):
No events

Deoptimization events (0 events):
No events

Internal exceptions (10 events):
Event: 0.149 Thread 0x00007fa2bb000000 Threw 0x000000016baa7da8 at /HUDSON/workspace/7u-2-build-macosx-x86_64/jdk7u45/229/hotspot/src/share/vm/prims/jni.cpp:717
Event: 0.149 Thread 0x00007fa2bb000000 Threw 0x000000016baa7ec8 at /HUDSON/workspace/7u-2-build-macosx-x86_64/jdk7u45/229/hotspot/src/share/vm/prims/jvm.cpp:1244
Event: 0.149 Thread 0x00007fa2bb000000 Threw 0x000000016baa7ff0 at /HUDSON/workspace/7u-2-build-macosx-x86_64/jdk7u45/229/hotspot/src/share/vm/prims/jvm.cpp:1244
Event: 0.149 Thread 0x00007fa2bb000000 Threw 0x000000016baa8240 at /HUDSON/workspace/7u-2-build-macosx-x86_64/jdk7u45/229/hotspot/src/share/vm/prims/jvm.cpp:1244
Event: 11.949 Thread 0x00007fa2bb000000 Threw 0x000000016bb770e0 at /HUDSON/workspace/7u-2-build-macosx-x86_64/jdk7u45/229/hotspot/src/share/vm/prims/jvm.cpp:1244
Event: 11.949 Thread 0x00007fa2bb000000 Threw 0x000000016bb77208 at /HUDSON/workspace/7u-2-build-macosx-x86_64/jdk7u45/229/hotspot/src/share/vm/prims/jvm.cpp:1244
Event: 11.951 Thread 0x00007fa2bb000000 Threw 0x000000016bb82938 at /HUDSON/workspace/7u-2-build-macosx-x86_64/jdk7u45/229/hotspot/src/share/vm/prims/jvm.cpp:1244
Event: 11.951 Thread 0x00007fa2bb000000 Threw 0x000000016bb82a60 at /HUDSON/workspace/7u-2-build-macosx-x86_64/jdk7u45/229/hotspot/src/share/vm/prims/jvm.cpp:1244
Event: 15.591 Thread 0x00007fa2bb000000 Threw 0x000000016bb95490 at /HUDSON/workspace/7u-2-build-macosx-x86_64/jdk7u45/229/hotspot/src/share/vm/prims/jvm.cpp:1244
Event: 15.593 Thread 0x00007fa2bb000000 Threw 0x000000016bb99a80 at /HUDSON/workspace/7u-2-build-macosx-x86_64/jdk7u45/229/hotspot/src/share/vm/prims/jvm.cpp:1244

Events (10 events):
Event: 101.533 Executing VM operation: GetCurrentLocation
Event: 101.533 Executing VM operation: GetCurrentLocation done
Event: 101.533 Executing VM operation: ChangeSingleStep
Event: 101.533 Executing VM operation: ChangeSingleStep done
Event: 101.534 Executing VM operation: ChangeSingleStep
Event: 101.534 Executing VM operation: ChangeSingleStep done
Event: 101.565 Executing VM operation: GetOrSetLocal
Event: 101.565 Executing VM operation: GetOrSetLocal done
Event: 101.672 Executing VM operation: GetOrSetLocal
Event: 101.672 Executing VM operation: GetOrSetLocal done


Dynamic libraries:
0x000000000cba8000 	/System/Library/Frameworks/Cocoa.framework/Versions/A/Cocoa
0x000000000cba8000 	/System/Library/Frameworks/Security.framework/Versions/A/Security
0x000000000cba8000 	/System/Library/Frameworks/ApplicationServices.framework/Versions/A/ApplicationServices
0x000000000cba8000 	/usr/lib/libz.1.dylib
0x000000000cba8000 	/usr/lib/libSystem.B.dylib
0x000000000cba8000 	/usr/lib/libobjc.A.dylib
0x000000000cba8000 	/System/Library/Frameworks/CoreFoundation.framework/Versions/A/CoreFoundation
0x000000000cba8000 	/System/Library/Frameworks/Foundation.framework/Versions/C/Foundation
0x000000000cba8000 	/System/Library/Frameworks/AppKit.framework/Versions/C/AppKit
0x000000000cba8000 	/System/Library/Frameworks/CoreData.framework/Versions/A/CoreData
0x000000000cba8000 	/System/Library/PrivateFrameworks/RemoteViewServices.framework/Versions/A/RemoteViewServices
0x000000000cba8000 	/System/Library/Frameworks/AudioToolbox.framework/Versions/A/AudioToolbox
0x000000000cba8000 	/System/Library/Frameworks/AudioUnit.framework/Versions/A/AudioUnit
0x000000000cba8000 	/System/Library/PrivateFrameworks/DataDetectorsCore.framework/Versions/A/DataDetectorsCore
0x000000000cba8000 	/System/Library/PrivateFrameworks/DesktopServicesPriv.framework/Versions/A/DesktopServicesPriv
0x000000000cba8000 	/System/Library/Frameworks/Carbon.framework/Versions/A/Frameworks/HIToolbox.framework/Versions/A/HIToolbox
0x000000000cba8000 	/System/Library/Frameworks/QuartzCore.framework/Versions/A/QuartzCore
0x000000000cba8000 	/System/Library/Frameworks/Carbon.framework/Versions/A/Frameworks/SpeechRecognition.framework/Versions/A/SpeechRecognition
0x000000000cba8000 	/usr/lib/libauto.dylib
0x000000000cba8000 	/usr/lib/libicucore.A.dylib
0x000000000cba8000 	/usr/lib/libxml2.2.dylib
0x000000000cba8000 	/System/Library/PrivateFrameworks/CoreUI.framework/Versions/A/CoreUI
0x000000000cba8000 	/System/Library/Frameworks/CoreAudio.framework/Versions/A/CoreAudio
0x000000000cba8000 	/System/Library/Frameworks/DiskArbitration.framework/Versions/A/DiskArbitration
0x000000000cba8000 	/usr/lib/liblangid.dylib
0x000000000cba8000 	/System/Library/PrivateFrameworks/MultitouchSupport.framework/Versions/A/MultitouchSupport
0x000000000cba8000 	/System/Library/Frameworks/IOKit.framework/Versions/A/IOKit
0x000000000cba8000 	/usr/lib/libDiagnosticMessagesClient.dylib
0x000000000cba8000 	/System/Library/Frameworks/CoreServices.framework/Versions/A/CoreServices
0x000000000cba8000 	/System/Library/PrivateFrameworks/PerformanceAnalysis.framework/Versions/A/PerformanceAnalysis
0x000000000cba8000 	/System/Library/PrivateFrameworks/GenerationalStorage.framework/Versions/A/GenerationalStorage
0x000000000cba8000 	/System/Library/Frameworks/OpenGL.framework/Versions/A/OpenGL
0x000000000cba8000 	/System/Library/PrivateFrameworks/Sharing.framework/Versions/A/Sharing
0x000000000cba8000 	/System/Library/Frameworks/ImageIO.framework/Versions/A/ImageIO
0x000000000cba8000 	/System/Library/Frameworks/CoreText.framework/Versions/A/CoreText
0x000000000cba8000 	/System/Library/Frameworks/CoreGraphics.framework/Versions/A/CoreGraphics
0x000000000cba8000 	/System/Library/PrivateFrameworks/Backup.framework/Versions/A/Backup
0x000000000cba8000 	/System/Library/Frameworks/CFNetwork.framework/Versions/A/CFNetwork
0x000000000cba8000 	/System/Library/Frameworks/SystemConfiguration.framework/Versions/A/SystemConfiguration
0x000000000cba8000 	/usr/lib/libCRFSuite.dylib
0x000000000cba8000 	/usr/lib/libc++.1.dylib
0x000000000cba8000 	/usr/lib/libc++abi.dylib
0x000000000cba8000 	/usr/lib/system/libcache.dylib
0x000000000cba8000 	/usr/lib/system/libcommonCrypto.dylib
0x000000000cba8000 	/usr/lib/system/libcompiler_rt.dylib
0x000000000cba8000 	/usr/lib/system/libcopyfile.dylib
0x000000000cba8000 	/usr/lib/system/libcorecrypto.dylib
0x000000000cba8000 	/usr/lib/system/libdispatch.dylib
0x000000000cba8000 	/usr/lib/system/libdyld.dylib
0x000000000cba8000 	/usr/lib/system/libkeymgr.dylib
0x000000000cba8000 	/usr/lib/system/liblaunch.dylib
0x000000000cba8000 	/usr/lib/system/libmacho.dylib
0x000000000cba8000 	/usr/lib/system/libquarantine.dylib
0x000000000cba8000 	/usr/lib/system/libremovefile.dylib
0x000000000cba8000 	/usr/lib/system/libsystem_asl.dylib
0x000000000cba8000 	/usr/lib/system/libsystem_blocks.dylib
0x000000000cba8000 	/usr/lib/system/libsystem_c.dylib
0x000000000cba8000 	/usr/lib/system/libsystem_configuration.dylib
0x000000000cba8000 	/usr/lib/system/libsystem_dnssd.dylib
0x000000000cba8000 	/usr/lib/system/libsystem_info.dylib
0x000000000cba8000 	/usr/lib/system/libsystem_kernel.dylib
0x000000000cba8000 	/usr/lib/system/libsystem_m.dylib
0x000000000cba8000 	/usr/lib/system/libsystem_malloc.dylib
0x000000000cba8000 	/usr/lib/system/libsystem_network.dylib
0x000000000cba8000 	/usr/lib/system/libsystem_notify.dylib
0x000000000cba8000 	/usr/lib/system/libsystem_platform.dylib
0x000000000cba8000 	/usr/lib/system/libsystem_pthread.dylib
0x000000000cba8000 	/usr/lib/system/libsystem_sandbox.dylib
0x000000000cba8000 	/usr/lib/system/libsystem_stats.dylib
0x000000000cba8000 	/usr/lib/system/libunc.dylib
0x000000000cba8000 	/usr/lib/system/libunwind.dylib
0x000000000cba8000 	/usr/lib/system/libxpc.dylib
0x000000000cba8000 	/usr/lib/libbsm.0.dylib
0x000000000cba8000 	/usr/lib/libsqlite3.dylib
0x000000000cba8000 	/usr/lib/libxar.1.dylib
0x000000000cba8000 	/usr/lib/libpam.2.dylib
0x000000000cba8000 	/usr/lib/libOpenScriptingUtil.dylib
0x000000000cba8000 	/usr/lib/libbz2.1.0.dylib
0x000000000cba8000 	/System/Library/Frameworks/CoreServices.framework/Versions/A/Frameworks/CarbonCore.framework/Versions/A/CarbonCore
0x000000000cba8000 	/System/Library/Frameworks/CoreServices.framework/Versions/A/Frameworks/Metadata.framework/Versions/A/Metadata
0x000000000cba8000 	/System/Library/Frameworks/CoreServices.framework/Versions/A/Frameworks/OSServices.framework/Versions/A/OSServices
0x000000000cba8000 	/System/Library/Frameworks/CoreServices.framework/Versions/A/Frameworks/SearchKit.framework/Versions/A/SearchKit
0x000000000cba8000 	/System/Library/Frameworks/CoreServices.framework/Versions/A/Frameworks/AE.framework/Versions/A/AE
0x000000000cba8000 	/System/Library/Frameworks/CoreServices.framework/Versions/A/Frameworks/LaunchServices.framework/Versions/A/LaunchServices
0x000000000cba8000 	/System/Library/Frameworks/CoreServices.framework/Versions/A/Frameworks/DictionaryServices.framework/Versions/A/DictionaryServices
0x000000000cba8000 	/System/Library/Frameworks/NetFS.framework/Versions/A/NetFS
0x000000000cba8000 	/usr/lib/system/libkxld.dylib
0x000000000cba8000 	/System/Library/PrivateFrameworks/NetAuth.framework/Versions/A/NetAuth
0x000000000cba8000 	/System/Library/PrivateFrameworks/TCC.framework/Versions/A/TCC
0x000000000cba8000 	/System/Library/Frameworks/OpenDirectory.framework/Versions/A/Frameworks/CFOpenDirectory.framework/Versions/A/CFOpenDirectory
0x000000000cba8000 	/System/Library/Frameworks/ServiceManagement.framework/Versions/A/ServiceManagement
0x000000000cba8000 	/usr/lib/libxslt.1.dylib
0x000000000cba8000 	/System/Library/Frameworks/Carbon.framework/Versions/A/Frameworks/Ink.framework/Versions/A/Ink
0x000000000cba8000 	/System/Library/Frameworks/ApplicationServices.framework/Versions/A/Frameworks/ATS.framework/Versions/A/ATS
0x000000000cba8000 	/System/Library/Frameworks/ApplicationServices.framework/Versions/A/Frameworks/ColorSync.framework/Versions/A/ColorSync
0x000000000cba8000 	/System/Library/Frameworks/ApplicationServices.framework/Versions/A/Frameworks/HIServices.framework/Versions/A/HIServices
0x000000000cba8000 	/System/Library/Frameworks/ApplicationServices.framework/Versions/A/Frameworks/LangAnalysis.framework/Versions/A/LangAnalysis
0x000000000cba8000 	/System/Library/Frameworks/ApplicationServices.framework/Versions/A/Frameworks/PrintCore.framework/Versions/A/PrintCore
0x000000000cba8000 	/System/Library/Frameworks/ApplicationServices.framework/Versions/A/Frameworks/QD.framework/Versions/A/QD
0x000000000cba8000 	/System/Library/Frameworks/ApplicationServices.framework/Versions/A/Frameworks/SpeechSynthesis.framework/Versions/A/SpeechSynthesis
0x000000000cba8000 	/System/Library/Frameworks/IOSurface.framework/Versions/A/IOSurface
0x000000000cba8000 	/System/Library/Frameworks/Accelerate.framework/Versions/A/Accelerate
0x000000000cba8000 	/System/Library/Frameworks/Accelerate.framework/Versions/A/Frameworks/vImage.framework/Versions/A/vImage
0x000000000cba8000 	/System/Library/Frameworks/Accelerate.framework/Versions/A/Frameworks/vecLib.framework/Versions/A/vecLib
0x000000000cba8000 	/System/Library/Frameworks/Accelerate.framework/Versions/A/Frameworks/vecLib.framework/Versions/A/libvDSP.dylib
0x000000000cba8000 	/System/Library/Frameworks/Accelerate.framework/Versions/A/Frameworks/vecLib.framework/Versions/A/libvMisc.dylib
0x000000000cba8000 	/System/Library/Frameworks/Accelerate.framework/Versions/A/Frameworks/vecLib.framework/Versions/A/libLAPACK.dylib
0x000000000cba8000 	/System/Library/Frameworks/Accelerate.framework/Versions/A/Frameworks/vecLib.framework/Versions/A/libBLAS.dylib
0x000000000cba8000 	/System/Library/Frameworks/ApplicationServices.framework/Versions/A/Frameworks/ATS.framework/Versions/A/Resources/libFontParser.dylib
0x000000000cba8000 	/System/Library/Frameworks/ApplicationServices.framework/Versions/A/Frameworks/ATS.framework/Versions/A/Resources/libFontRegistry.dylib
0x000000000cba8000 	/System/Library/Frameworks/ImageIO.framework/Versions/A/Resources/libJPEG.dylib
0x000000000cba8000 	/System/Library/Frameworks/ImageIO.framework/Versions/A/Resources/libTIFF.dylib
0x000000000cba8000 	/System/Library/Frameworks/ImageIO.framework/Versions/A/Resources/libPng.dylib
0x000000000cba8000 	/System/Library/Frameworks/ImageIO.framework/Versions/A/Resources/libGIF.dylib
0x000000000cba8000 	/System/Library/Frameworks/ImageIO.framework/Versions/A/Resources/libJP2.dylib
0x000000000cba8000 	/System/Library/Frameworks/ImageIO.framework/Versions/A/Resources/libRadiance.dylib
0x000000000cba8000 	/usr/lib/libcups.2.dylib
0x000000000cba8000 	/System/Library/Frameworks/Kerberos.framework/Versions/A/Kerberos
0x000000000cba8000 	/System/Library/Frameworks/GSS.framework/Versions/A/GSS
0x000000000cba8000 	/usr/lib/libresolv.9.dylib
0x000000000cba8000 	/usr/lib/libiconv.2.dylib
0x000000000cba8000 	/System/Library/PrivateFrameworks/Heimdal.framework/Versions/A/Heimdal
0x000000000cba8000 	/System/Library/PrivateFrameworks/TrustEvaluationAgent.framework/Versions/A/TrustEvaluationAgent
0x000000000cba8000 	/usr/lib/libheimdal-asn1.dylib
0x000000000cba8000 	/System/Library/Frameworks/OpenDirectory.framework/Versions/A/OpenDirectory
0x000000000cba8000 	/System/Library/PrivateFrameworks/CommonAuth.framework/Versions/A/CommonAuth
0x000000000cba8000 	/System/Library/Frameworks/SecurityFoundation.framework/Versions/A/SecurityFoundation
0x000000000cba8000 	/System/Library/PrivateFrameworks/Bom.framework/Versions/A/Bom
0x000000000cba8000 	/System/Library/Frameworks/CoreVideo.framework/Versions/A/CoreVideo
0x000000000cba8000 	/System/Library/Frameworks/QuartzCore.framework/Versions/A/Frameworks/CoreImage.framework/Versions/A/CoreImage
0x000000000cba8000 	/System/Library/Frameworks/QuartzCore.framework/Versions/A/Frameworks/ScalableUserInterface.framework/Versions/A/ScalableUserInterface
0x000000000cba8000 	/System/Library/Frameworks/OpenGL.framework/Versions/A/Libraries/libGLU.dylib
0x000000000cba8000 	/System/Library/Frameworks/OpenGL.framework/Versions/A/Libraries/libGFXShared.dylib
0x000000000cba8000 	/System/Library/Frameworks/OpenGL.framework/Versions/A/Libraries/libGL.dylib
0x000000000cba8000 	/System/Library/Frameworks/OpenGL.framework/Versions/A/Libraries/libGLImage.dylib
0x000000000cba8000 	/System/Library/Frameworks/OpenGL.framework/Versions/A/Libraries/libCVMSPluginSupport.dylib
0x000000000cba8000 	/System/Library/Frameworks/OpenGL.framework/Versions/A/Libraries/libCoreVMClient.dylib
0x000000000cba8000 	/System/Library/PrivateFrameworks/FaceCore.framework/Versions/A/FaceCore
0x000000000cba8000 	/System/Library/PrivateFrameworks/CrashReporterSupport.framework/Versions/A/CrashReporterSupport
0x000000000cba8000 	/System/Library/Frameworks/OpenCL.framework/Versions/A/OpenCL
0x000000000cba8000 	/System/Library/PrivateFrameworks/AppleFSCompression.framework/Versions/A/AppleFSCompression
0x000000000cba8000 	/System/Library/PrivateFrameworks/Ubiquity.framework/Versions/A/Ubiquity
0x000000000cba8000 	/System/Library/PrivateFrameworks/IconServices.framework/Versions/A/IconServices
0x000000000cba8000 	/System/Library/PrivateFrameworks/ChunkingLibrary.framework/Versions/A/ChunkingLibrary
0x000000000cba8000 	/System/Library/PrivateFrameworks/CoreSymbolication.framework/Versions/A/CoreSymbolication
0x000000000cba8000 	/System/Library/PrivateFrameworks/Symbolication.framework/Versions/A/Symbolication
0x000000000cba8000 	/System/Library/PrivateFrameworks/DebugSymbols.framework/Versions/A/DebugSymbols
0x000000010d600000 	/Library/Java/JavaVirtualMachines/jdk1.7.0_45.jdk/Contents/Home/jre/lib/server/libjvm.dylib
0x000000000cba8000 	/usr/lib/libstdc++.6.dylib
0x000000010cdac000 	/Library/Java/JavaVirtualMachines/jdk1.7.0_45.jdk/Contents/Home/jre/lib/libverify.dylib
0x000000010cdb9000 	/Library/Java/JavaVirtualMachines/jdk1.7.0_45.jdk/Contents/Home/jre/lib/libjava.dylib
0x000000010e156000 	/Library/Java/JavaVirtualMachines/jdk1.7.0_45.jdk/Contents/Home/jre/lib/libjdwp.dylib
0x000000010cdea000 	/Library/Java/JavaVirtualMachines/jdk1.7.0_45.jdk/Contents/Home/jre/lib/libnpt.dylib
0x000000010cdf7000 	/Library/Java/JavaVirtualMachines/jdk1.7.0_45.jdk/Contents/Home/jre/lib/libzip.dylib
0x000000019cc82000 	/System/Library/Frameworks/JavaVM.framework/Frameworks/JavaRuntimeSupport.framework/JavaRuntimeSupport
0x000000019cc9a000 	/System/Library/Frameworks/JavaVM.framework/Versions/A/Frameworks/JavaNativeFoundation.framework/Versions/A/JavaNativeFoundation
0x000000019ccaf000 	/System/Library/Frameworks/JavaVM.framework/Versions/A/JavaVM
0x000000000cba8000 	/System/Library/Frameworks/Carbon.framework/Versions/A/Carbon
0x000000019ccbc000 	/System/Library/PrivateFrameworks/JavaLaunching.framework/Versions/A/JavaLaunching
0x000000000cba8000 	/System/Library/Frameworks/Carbon.framework/Versions/A/Frameworks/CommonPanels.framework/Versions/A/CommonPanels
0x000000000cba8000 	/System/Library/Frameworks/Carbon.framework/Versions/A/Frameworks/Help.framework/Versions/A/Help
0x000000000cba8000 	/System/Library/Frameworks/Carbon.framework/Versions/A/Frameworks/ImageCapture.framework/Versions/A/ImageCapture
0x000000000cba8000 	/System/Library/Frameworks/Carbon.framework/Versions/A/Frameworks/OpenScripting.framework/Versions/A/OpenScripting
0x000000000cba8000 	/System/Library/Frameworks/Carbon.framework/Versions/A/Frameworks/Print.framework/Versions/A/Print
0x000000000cba8000 	/System/Library/Frameworks/Carbon.framework/Versions/A/Frameworks/SecurityHI.framework/Versions/A/SecurityHI
0x000000019cf54000 	/Library/Java/JavaVirtualMachines/jdk1.7.0_45.jdk/Contents/Home/jre/lib/libdt_socket.dylib

VM Arguments:
jvm_args: -agentlib:jdwp=transport=dt_socket,suspend=y,address=localhost:49357 -Dfile.encoding=US-ASCII 
java_command: SpreadsheetMain
Launcher Type: SUN_STANDARD

Environment Variables:
PATH=/usr/bin:/bin:/usr/sbin:/sbin
SHELL=/bin/bash

Signal Handlers:
SIGSEGV: [libjvm.dylib+0x525415], sa_mask[0]=0xfffefeff, sa_flags=0x00000043
SIGBUS: [libjvm.dylib+0x525415], sa_mask[0]=0xfffefeff, sa_flags=0x00000042
SIGFPE: [libjvm.dylib+0x41891a], sa_mask[0]=0xfffefeff, sa_flags=0x00000042
SIGPIPE: [libjvm.dylib+0x41891a], sa_mask[0]=0xfffefeff, sa_flags=0x00000042
SIGXFSZ: [libjvm.dylib+0x41891a], sa_mask[0]=0xfffefeff, sa_flags=0x00000042
SIGILL: [libjvm.dylib+0x41891a], sa_mask[0]=0xfffefeff, sa_flags=0x00000042
SIGUSR1: SIG_DFL, sa_mask[0]=0x00000000, sa_flags=0x00000002
SIGUSR2: [libjvm.dylib+0x41840c], sa_mask[0]=0x00000004, sa_flags=0x00000042
SIGHUP: [libjvm.dylib+0x41669b], sa_mask[0]=0xfffefeff, sa_flags=0x00000042
SIGINT: [libjvm.dylib+0x41669b], sa_mask[0]=0xfffefeff, sa_flags=0x00000042
SIGTERM: [libjvm.dylib+0x41669b], sa_mask[0]=0xfffefeff, sa_flags=0x00000042
SIGQUIT: [libjvm.dylib+0x41669b], sa_mask[0]=0xfffefeff, sa_flags=0x00000042


---------------  S Y S T E M  ---------------

OS:Bsduname:Darwin 13.0.2 Darwin Kernel Version 13.0.2: Sun Sep 29 19:38:57 PDT 2013; root:xnu-2422.75.4~1/RELEASE_X86_64 x86_64
rlimit: STACK 8192k, CORE 0k, NPROC 709, NOFILE 10240, AS infinity
load average:1.52 1.63 0.99

CPU:total 4 (2 cores per cpu, 2 threads per core) family 6 model 69 stepping 1, cmov, cx8, fxsr, mmx, sse, sse2, sse3, ssse3, sse4.1, sse4.2, popcnt, avx, avx2, aes, erms, ht, tsc, tscinvbit

Memory: 4k page, physical 8388608k(2097152k free)

/proc/meminfo:


vm_info: Java HotSpot(TM) 64-Bit Server VM (24.45-b08) for bsd-amd64 JRE (1.7.0_45-b18), built on Oct  8 2013 05:54:16 by "java_re" with gcc 4.2.1 (Based on Apple Inc. build 5658) (LLVM build 2336.11.00)

time: Sun Jan 12 15:57:38 2014
elapsed time: 102 seconds

